<?xml version="1.0" encoding="UTF-8"?>
<!-- Generated by org.testng.reporters.JUnitReportReporter -->
<testsuite skipped="0" hostname="D-441001238" name="testCases.TestAddToCart" tests="1" failures="0" timestamp="26 Feb 2018 11:27:30 GMT" time="46.891" errors="0">
  <testcase name="loginEbay" time="46.891" classname="testCases.TestAddToCart"/>
</testsuite> <!-- testCases.TestAddToCart -->
