<?xml version="1.0" encoding="UTF-8"?>
<!-- Generated by org.testng.reporters.JUnitReportReporter -->
<testsuite skipped="0" hostname="D-441001238" name="testCases.TestAddToCart" tests="1" failures="0" timestamp="06 Mar 2018 06:44:25 GMT" time="40.302" errors="0">
  <testcase name="loginEbay" time="40.302" classname="testCases.TestAddToCart"/>
</testsuite> <!-- testCases.TestAddToCart -->
