<?xml version="1.0" encoding="UTF-8"?>
<!-- Generated by org.testng.reporters.JUnitReportReporter -->
<testsuite skipped="0" hostname="D-441001238" name="testCases.EbayLogin" tests="1" failures="0" timestamp="26 Feb 2018 11:07:35 GMT" time="42.952" errors="0">
  <testcase name="loginEbay" time="42.952" classname="testCases.EbayLogin"/>
</testsuite> <!-- testCases.EbayLogin -->
